{"/home/nourhan/Documents/semester6/SoftwareEngineering/assignment1/31-5601/app.js":{"path":"/home/nourhan/Documents/semester6/SoftwareEngineering/assignment1/31-5601/app.js","s":{"1":1,"2":1,"3":1,"4":1,"5":1},"b":{},"f":{},"fnMap":{},"statementMap":{"1":{"start":{"line":1,"column":0},"end":{"line":1,"column":33}},"2":{"start":{"line":2,"column":0},"end":{"line":2,"column":20}},"3":{"start":{"line":4,"column":0},"end":{"line":4,"column":34}},"4":{"start":{"line":6,"column":0},"end":{"line":6,"column":32}},"5":{"start":{"line":8,"column":0},"end":{"line":8,"column":21}}},"branchMap":{}},"/home/nourhan/Documents/semester6/SoftwareEngineering/assignment1/31-5601/quotes.js":{"path":"/home/nourhan/Documents/semester6/SoftwareEngineering/assignment1/31-5601/quotes.js","s":{"1":1,"2":1,"3":1,"4":1,"5":1,"6":1,"7":1,"8":10,"9":5,"10":5,"11":1,"12":11,"13":1,"14":4,"15":2,"16":2,"17":1,"18":1,"19":1,"20":0,"21":1,"22":1,"23":1,"24":1,"25":0,"26":1,"27":1,"28":4,"29":4,"30":4,"31":0,"32":4,"33":4,"34":4,"35":0,"36":1,"37":8,"38":8,"39":1,"40":3,"41":3,"42":1,"43":1,"44":1,"45":1,"46":1,"47":1,"48":1},"b":{"1":[5,5],"2":[2,2],"3":[0,1],"4":[0,1],"5":[0,4],"6":[4,0]},"f":{"1":10,"2":11,"3":4,"4":1,"5":1,"6":1,"7":1,"8":4,"9":4,"10":4,"11":8,"12":8,"13":3,"14":3},"fnMap":{"1":{"name":"getElementByIndexElseRandom","line":16,"loc":{"start":{"line":16,"column":0},"end":{"line":16,"column":50}}},"2":{"name":"getQuotesFromJSON","line":23,"loc":{"start":{"line":23,"column":0},"end":{"line":23,"column":28}}},"3":{"name":"getQuoteFromJSON","line":27,"loc":{"start":{"line":27,"column":0},"end":{"line":27,"column":32}}},"4":{"name":"(anonymous_4)","line":35,"loc":{"start":{"line":35,"column":24},"end":{"line":35,"column":48}}},"5":{"name":"(anonymous_5)","line":36,"loc":{"start":{"line":36,"column":16},"end":{"line":36,"column":36}}},"6":{"name":"(anonymous_6)","line":51,"loc":{"start":{"line":51,"column":25},"end":{"line":51,"column":49}}},"7":{"name":"(anonymous_7)","line":52,"loc":{"start":{"line":52,"column":17},"end":{"line":52,"column":38}}},"8":{"name":"seed","line":59,"loc":{"start":{"line":59,"column":0},"end":{"line":59,"column":17}}},"9":{"name":"(anonymous_9)","line":60,"loc":{"start":{"line":60,"column":12},"end":{"line":60,"column":25}}},"10":{"name":"(anonymous_10)","line":65,"loc":{"start":{"line":65,"column":59},"end":{"line":65,"column":80}}},"11":{"name":"getQuotesFromDB","line":74,"loc":{"start":{"line":74,"column":0},"end":{"line":74,"column":28}}},"12":{"name":"(anonymous_12)","line":75,"loc":{"start":{"line":75,"column":45},"end":{"line":75,"column":66}}},"13":{"name":"getQuoteFromDB","line":81,"loc":{"start":{"line":81,"column":0},"end":{"line":81,"column":34}}},"14":{"name":"(anonymous_14)","line":82,"loc":{"start":{"line":82,"column":17},"end":{"line":82,"column":38}}}},"statementMap":{"1":{"start":{"line":1,"column":0},"end":{"line":1,"column":33}},"2":{"start":{"line":2,"column":0},"end":{"line":2,"column":32}},"3":{"start":{"line":3,"column":0},"end":{"line":3,"column":33}},"4":{"start":{"line":4,"column":0},"end":{"line":4,"column":31}},"5":{"start":{"line":5,"column":0},"end":{"line":5,"column":28}},"6":{"start":{"line":6,"column":0},"end":{"line":9,"column":2}},"7":{"start":{"line":16,"column":0},"end":{"line":21,"column":1}},"8":{"start":{"line":17,"column":1},"end":{"line":20,"column":22}},"9":{"start":{"line":18,"column":2},"end":{"line":18,"column":57}},"10":{"start":{"line":20,"column":2},"end":{"line":20,"column":22}},"11":{"start":{"line":23,"column":0},"end":{"line":25,"column":1}},"12":{"start":{"line":24,"column":1},"end":{"line":24,"column":51}},"13":{"start":{"line":27,"column":0},"end":{"line":32,"column":1}},"14":{"start":{"line":28,"column":1},"end":{"line":31,"column":65}},"15":{"start":{"line":29,"column":2},"end":{"line":29,"column":58}},"16":{"start":{"line":31,"column":2},"end":{"line":31,"column":65}},"17":{"start":{"line":35,"column":0},"end":{"line":49,"column":3}},"18":{"start":{"line":36,"column":1},"end":{"line":40,"column":4}},"19":{"start":{"line":37,"column":2},"end":{"line":38,"column":13}},"20":{"start":{"line":38,"column":3},"end":{"line":38,"column":13}},"21":{"start":{"line":39,"column":2},"end":{"line":39,"column":18}},"22":{"start":{"line":51,"column":0},"end":{"line":57,"column":2}},"23":{"start":{"line":52,"column":1},"end":{"line":56,"column":3}},"24":{"start":{"line":53,"column":2},"end":{"line":54,"column":13}},"25":{"start":{"line":54,"column":3},"end":{"line":54,"column":13}},"26":{"start":{"line":55,"column":2},"end":{"line":55,"column":19}},"27":{"start":{"line":59,"column":0},"end":{"line":72,"column":1}},"28":{"start":{"line":60,"column":1},"end":{"line":71,"column":4}},"29":{"start":{"line":62,"column":2},"end":{"line":62,"column":26}},"30":{"start":{"line":63,"column":2},"end":{"line":64,"column":37}},"31":{"start":{"line":64,"column":3},"end":{"line":64,"column":37}},"32":{"start":{"line":65,"column":2},"end":{"line":70,"column":5}},"33":{"start":{"line":66,"column":3},"end":{"line":69,"column":19}},"34":{"start":{"line":67,"column":4},"end":{"line":67,"column":18}},"35":{"start":{"line":69,"column":4},"end":{"line":69,"column":19}},"36":{"start":{"line":74,"column":0},"end":{"line":79,"column":1}},"37":{"start":{"line":75,"column":1},"end":{"line":78,"column":4}},"38":{"start":{"line":77,"column":2},"end":{"line":77,"column":18}},"39":{"start":{"line":81,"column":0},"end":{"line":91,"column":1}},"40":{"start":{"line":82,"column":1},"end":{"line":90,"column":4}},"41":{"start":{"line":85,"column":4},"end":{"line":85,"column":55}},"42":{"start":{"line":93,"column":0},"end":{"line":93,"column":52}},"43":{"start":{"line":94,"column":0},"end":{"line":94,"column":50}},"44":{"start":{"line":95,"column":0},"end":{"line":95,"column":73}},"45":{"start":{"line":96,"column":0},"end":{"line":96,"column":62}},"46":{"start":{"line":97,"column":0},"end":{"line":97,"column":63}},"47":{"start":{"line":98,"column":0},"end":{"line":98,"column":61}},"48":{"start":{"line":99,"column":0},"end":{"line":99,"column":60}}},"branchMap":{"1":{"line":17,"type":"if","locations":[{"start":{"line":17,"column":1},"end":{"line":17,"column":1}},{"start":{"line":17,"column":1},"end":{"line":17,"column":1}}]},"2":{"line":28,"type":"if","locations":[{"start":{"line":28,"column":1},"end":{"line":28,"column":1}},{"start":{"line":28,"column":1},"end":{"line":28,"column":1}}]},"3":{"line":37,"type":"if","locations":[{"start":{"line":37,"column":2},"end":{"line":37,"column":2}},{"start":{"line":37,"column":2},"end":{"line":37,"column":2}}]},"4":{"line":53,"type":"if","locations":[{"start":{"line":53,"column":2},"end":{"line":53,"column":2}},{"start":{"line":53,"column":2},"end":{"line":53,"column":2}}]},"5":{"line":63,"type":"if","locations":[{"start":{"line":63,"column":2},"end":{"line":63,"column":2}},{"start":{"line":63,"column":2},"end":{"line":63,"column":2}}]},"6":{"line":66,"type":"if","locations":[{"start":{"line":66,"column":3},"end":{"line":66,"column":3}},{"start":{"line":66,"column":3},"end":{"line":66,"column":3}}]}}},"/home/nourhan/Documents/semester6/SoftwareEngineering/assignment1/31-5601/db.js":{"path":"/home/nourhan/Documents/semester6/SoftwareEngineering/assignment1/31-5601/db.js","s":{"1":1,"2":1,"3":1,"4":1,"5":1,"6":1,"7":1,"8":1,"9":1,"10":1,"11":1,"12":12,"13":0,"14":12,"15":1,"16":5,"17":5,"18":5,"19":10,"20":10,"21":5},"b":{"1":[0,12]},"f":{"1":1,"2":1,"3":12,"4":5,"5":5,"6":10},"fnMap":{"1":{"name":"(anonymous_1)","line":14,"loc":{"start":{"line":14,"column":18},"end":{"line":14,"column":31}}},"2":{"name":"(anonymous_2)","line":16,"loc":{"start":{"line":16,"column":25},"end":{"line":16,"column":42}}},"3":{"name":"(anonymous_3)","line":30,"loc":{"start":{"line":30,"column":13},"end":{"line":30,"column":24}}},"4":{"name":"clearDB","line":39,"loc":{"start":{"line":39,"column":19},"end":{"line":39,"column":42}}},"5":{"name":"(anonymous_5)","line":41,"loc":{"start":{"line":41,"column":40},"end":{"line":41,"column":63}}},"6":{"name":"(anonymous_6)","line":42,"loc":{"start":{"line":42,"column":28},"end":{"line":42,"column":41}}}},"statementMap":{"1":{"start":{"line":2,"column":0},"end":{"line":2,"column":44}},"2":{"start":{"line":3,"column":0},"end":{"line":3,"column":31}},"3":{"start":{"line":4,"column":0},"end":{"line":4,"column":18}},"4":{"start":{"line":5,"column":0},"end":{"line":5,"column":48}},"5":{"start":{"line":6,"column":0},"end":{"line":9,"column":2}},"6":{"start":{"line":14,"column":0},"end":{"line":21,"column":2}},"7":{"start":{"line":16,"column":4},"end":{"line":20,"column":7}},"8":{"start":{"line":17,"column":5},"end":{"line":17,"column":29}},"9":{"start":{"line":18,"column":5},"end":{"line":18,"column":13}},"10":{"start":{"line":19,"column":5},"end":{"line":19,"column":17}},"11":{"start":{"line":30,"column":0},"end":{"line":33,"column":2}},"12":{"start":{"line":31,"column":4},"end":{"line":31,"column":75}},"13":{"start":{"line":31,"column":21},"end":{"line":31,"column":75}},"14":{"start":{"line":32,"column":4},"end":{"line":32,"column":14}},"15":{"start":{"line":39,"column":1},"end":{"line":48,"column":2}},"16":{"start":{"line":40,"column":1},"end":{"line":40,"column":32}},"17":{"start":{"line":41,"column":4},"end":{"line":47,"column":19}},"18":{"start":{"line":42,"column":8},"end":{"line":45,"column":11}},"19":{"start":{"line":43,"column":12},"end":{"line":43,"column":47}},"20":{"start":{"line":44,"column":12},"end":{"line":44,"column":48}},"21":{"start":{"line":46,"column":8},"end":{"line":46,"column":15}}},"branchMap":{"1":{"line":31,"type":"if","locations":[{"start":{"line":31,"column":4},"end":{"line":31,"column":4}},{"start":{"line":31,"column":4},"end":{"line":31,"column":4}}]}}}}