TN:
SF:/home/nourhan/Documents/semester6/SoftwareEngineering/assignment1/31-5601/app.js
FNF:0
FNH:0
DA:1,1
DA:2,1
DA:4,1
DA:6,1
DA:8,1
LF:5
LH:5
BRF:0
BRH:0
end_of_record
TN:
SF:/home/nourhan/Documents/semester6/SoftwareEngineering/assignment1/31-5601/quotes.js
FN:16,getElementByIndexElseRandom
FN:23,getQuotesFromJSON
FN:27,getQuoteFromJSON
FN:35,(anonymous_4)
FN:36,(anonymous_5)
FN:51,(anonymous_6)
FN:52,(anonymous_7)
FN:59,seed
FN:60,(anonymous_9)
FN:65,(anonymous_10)
FN:74,getQuotesFromDB
FN:75,(anonymous_12)
FN:81,getQuoteFromDB
FN:82,(anonymous_14)
FNF:14
FNH:14
FNDA:10,getElementByIndexElseRandom
FNDA:11,getQuotesFromJSON
FNDA:4,getQuoteFromJSON
FNDA:1,(anonymous_4)
FNDA:1,(anonymous_5)
FNDA:1,(anonymous_6)
FNDA:1,(anonymous_7)
FNDA:4,seed
FNDA:4,(anonymous_9)
FNDA:4,(anonymous_10)
FNDA:8,getQuotesFromDB
FNDA:8,(anonymous_12)
FNDA:3,getQuoteFromDB
FNDA:3,(anonymous_14)
DA:1,1
DA:2,1
DA:3,1
DA:4,1
DA:5,1
DA:6,1
DA:16,1
DA:17,10
DA:18,5
DA:20,5
DA:23,1
DA:24,11
DA:27,1
DA:28,4
DA:29,2
DA:31,2
DA:35,1
DA:36,1
DA:37,1
DA:38,0
DA:39,1
DA:51,1
DA:52,1
DA:53,1
DA:54,0
DA:55,1
DA:59,1
DA:60,4
DA:62,4
DA:63,4
DA:64,0
DA:65,4
DA:66,4
DA:67,4
DA:69,0
DA:74,1
DA:75,8
DA:77,8
DA:81,1
DA:82,3
DA:85,3
DA:93,1
DA:94,1
DA:95,1
DA:96,1
DA:97,1
DA:98,1
DA:99,1
LF:48
LH:44
BRDA:17,1,0,5
BRDA:17,1,1,5
BRDA:28,2,0,2
BRDA:28,2,1,2
BRDA:37,3,0,0
BRDA:37,3,1,1
BRDA:53,4,0,0
BRDA:53,4,1,1
BRDA:63,5,0,0
BRDA:63,5,1,4
BRDA:66,6,0,4
BRDA:66,6,1,0
BRF:12
BRH:8
end_of_record
TN:
SF:/home/nourhan/Documents/semester6/SoftwareEngineering/assignment1/31-5601/db.js
FN:14,(anonymous_1)
FN:16,(anonymous_2)
FN:30,(anonymous_3)
FN:39,clearDB
FN:41,(anonymous_5)
FN:42,(anonymous_6)
FNF:6
FNH:6
FNDA:1,(anonymous_1)
FNDA:1,(anonymous_2)
FNDA:12,(anonymous_3)
FNDA:5,clearDB
FNDA:5,(anonymous_5)
FNDA:10,(anonymous_6)
DA:2,1
DA:3,1
DA:4,1
DA:5,1
DA:6,1
DA:14,1
DA:16,1
DA:17,1
DA:18,1
DA:19,1
DA:30,1
DA:31,12
DA:32,12
DA:39,1
DA:40,5
DA:41,5
DA:42,5
DA:43,10
DA:44,10
DA:46,5
LF:20
LH:20
BRDA:31,1,0,0
BRDA:31,1,1,12
BRF:2
BRH:1
end_of_record
